mode: set
github.com/SmirnovND/gophkeeper/cmd/client/main.go:24.13,30.50 4 0
github.com/SmirnovND/gophkeeper/cmd/client/main.go:30.50,32.3 1 0
github.com/SmirnovND/gophkeeper/cmd/client/main.go:33.2,56.42 15 0
github.com/SmirnovND/gophkeeper/cmd/client/main.go:56.42,59.3 2 0
github.com/SmirnovND/gophkeeper/docs/docs.go:1076.13,1078.2 1 0
github.com/SmirnovND/gophkeeper/cmd/server/main.go:15.13,16.30 1 0
github.com/SmirnovND/gophkeeper/cmd/server/main.go:16.30,17.13 1 0
github.com/SmirnovND/gophkeeper/cmd/server/main.go:21.18,25.53 3 0
github.com/SmirnovND/gophkeeper/cmd/server/main.go:25.53,27.3 1 0
github.com/SmirnovND/gophkeeper/cmd/server/main.go:29.2,30.39 2 0
github.com/SmirnovND/gophkeeper/cmd/server/main.go:30.39,32.3 1 0
github.com/SmirnovND/gophkeeper/cmd/server/main.go:34.2,40.4 3 0
github.com/SmirnovND/gophkeeper/internal/container/client/container.go:18.52,26.2 7 0
github.com/SmirnovND/gophkeeper/internal/container/client/container.go:29.44,30.2 0 0
github.com/SmirnovND/gophkeeper/internal/container/client/container.go:32.38,34.2 1 0
github.com/SmirnovND/gophkeeper/internal/container/client/container.go:36.35,38.2 1 0
github.com/SmirnovND/gophkeeper/internal/container/client/container.go:40.58,43.54 2 0
github.com/SmirnovND/gophkeeper/internal/container/client/container.go:43.54,45.3 1 0
github.com/SmirnovND/gophkeeper/internal/container/client/container.go:48.38,50.2 1 0
github.com/SmirnovND/gophkeeper/internal/container/client/container.go:53.56,55.2 1 0
github.com/SmirnovND/gophkeeper/internal/command/auth.go:9.42,13.48 1 1
github.com/SmirnovND/gophkeeper/internal/command/auth.go:13.48,23.18 7 1
github.com/SmirnovND/gophkeeper/internal/command/auth.go:23.18,26.5 2 1
github.com/SmirnovND/gophkeeper/internal/command/auth.go:28.4,28.59 1 1
github.com/SmirnovND/gophkeeper/internal/command/auth.go:33.48,37.48 1 1
github.com/SmirnovND/gophkeeper/internal/command/auth.go:37.48,50.18 9 1
github.com/SmirnovND/gophkeeper/internal/command/auth.go:50.18,53.5 2 1
github.com/SmirnovND/gophkeeper/internal/command/auth.go:55.4,55.59 1 1
github.com/SmirnovND/gophkeeper/internal/command/data.go:13.48,17.48 1 1
github.com/SmirnovND/gophkeeper/internal/command/data.go:17.48,43.18 16 1
github.com/SmirnovND/gophkeeper/internal/command/data.go:43.18,46.5 2 1
github.com/SmirnovND/gophkeeper/internal/command/data.go:48.4,48.62 1 1
github.com/SmirnovND/gophkeeper/internal/command/data.go:54.47,58.48 1 1
github.com/SmirnovND/gophkeeper/internal/command/data.go:58.48,69.18 8 1
github.com/SmirnovND/gophkeeper/internal/command/data.go:69.18,72.5 2 1
github.com/SmirnovND/gophkeeper/internal/command/data.go:74.4,79.22 5 1
github.com/SmirnovND/gophkeeper/internal/command/data.go:79.22,84.5 4 0
github.com/SmirnovND/gophkeeper/internal/command/data.go:90.50,94.48 1 1
github.com/SmirnovND/gophkeeper/internal/command/data.go:94.48,103.18 6 1
github.com/SmirnovND/gophkeeper/internal/command/data.go:103.18,106.5 2 1
github.com/SmirnovND/gophkeeper/internal/command/data.go:108.4,108.58 1 1
github.com/SmirnovND/gophkeeper/internal/command/data.go:114.48,118.48 1 1
github.com/SmirnovND/gophkeeper/internal/command/data.go:118.48,155.18 22 1
github.com/SmirnovND/gophkeeper/internal/command/data.go:155.18,158.5 2 1
github.com/SmirnovND/gophkeeper/internal/command/data.go:160.4,160.77 1 1
github.com/SmirnovND/gophkeeper/internal/command/data.go:166.47,170.48 1 1
github.com/SmirnovND/gophkeeper/internal/command/data.go:170.48,179.18 6 1
github.com/SmirnovND/gophkeeper/internal/command/data.go:179.18,182.5 2 1
github.com/SmirnovND/gophkeeper/internal/command/data.go:184.4,192.22 8 1
github.com/SmirnovND/gophkeeper/internal/command/data.go:192.22,197.5 4 0
github.com/SmirnovND/gophkeeper/internal/command/data.go:203.50,207.48 1 1
github.com/SmirnovND/gophkeeper/internal/command/data.go:207.48,216.18 6 1
github.com/SmirnovND/gophkeeper/internal/command/data.go:216.18,219.5 2 1
github.com/SmirnovND/gophkeeper/internal/command/data.go:221.4,221.73 1 1
github.com/SmirnovND/gophkeeper/internal/command/data.go:227.54,231.48 1 1
github.com/SmirnovND/gophkeeper/internal/command/data.go:231.48,258.18 16 1
github.com/SmirnovND/gophkeeper/internal/command/data.go:258.18,261.5 2 1
github.com/SmirnovND/gophkeeper/internal/command/data.go:263.4,263.81 1 1
github.com/SmirnovND/gophkeeper/internal/command/data.go:269.53,273.48 1 1
github.com/SmirnovND/gophkeeper/internal/command/data.go:273.48,282.18 6 1
github.com/SmirnovND/gophkeeper/internal/command/data.go:282.18,285.5 2 1
github.com/SmirnovND/gophkeeper/internal/command/data.go:287.4,293.22 6 1
github.com/SmirnovND/gophkeeper/internal/command/data.go:293.22,298.5 4 0
github.com/SmirnovND/gophkeeper/internal/command/data.go:304.56,308.48 1 1
github.com/SmirnovND/gophkeeper/internal/command/data.go:308.48,317.18 6 1
github.com/SmirnovND/gophkeeper/internal/command/data.go:317.18,320.5 2 1
github.com/SmirnovND/gophkeeper/internal/command/data.go:322.4,322.77 1 1
github.com/SmirnovND/gophkeeper/internal/command/factory.go:11.22,15.2 1 1
github.com/SmirnovND/gophkeeper/internal/command/file.go:9.46,13.48 1 1
github.com/SmirnovND/gophkeeper/internal/command/file.go:13.48,25.18 9 1
github.com/SmirnovND/gophkeeper/internal/command/file.go:25.18,28.5 2 1
github.com/SmirnovND/gophkeeper/internal/command/file.go:30.4,30.66 1 1
github.com/SmirnovND/gophkeeper/internal/command/file.go:35.48,39.48 1 1
github.com/SmirnovND/gophkeeper/internal/command/file.go:39.48,48.18 6 1
github.com/SmirnovND/gophkeeper/internal/command/file.go:48.18,51.5 2 1
github.com/SmirnovND/gophkeeper/internal/command/version.go:15.37,18.2 2 1
github.com/SmirnovND/gophkeeper/internal/command/version.go:21.47,26.48 1 1
github.com/SmirnovND/gophkeeper/internal/command/version.go:26.48,29.4 2 1
github.com/SmirnovND/gophkeeper/internal/config/server/config.go:36.36,38.2 1 1
github.com/SmirnovND/gophkeeper/internal/config/server/config.go:40.40,42.2 1 1
github.com/SmirnovND/gophkeeper/internal/config/server/config.go:44.38,46.2 1 1
github.com/SmirnovND/gophkeeper/internal/config/server/config.go:48.46,50.2 1 1
github.com/SmirnovND/gophkeeper/internal/config/server/config.go:52.45,54.2 1 1
github.com/SmirnovND/gophkeeper/internal/config/server/config.go:56.45,58.2 1 1
github.com/SmirnovND/gophkeeper/internal/config/server/config.go:60.40,62.2 1 1
github.com/SmirnovND/gophkeeper/internal/config/server/config.go:64.42,65.15 1 1
github.com/SmirnovND/gophkeeper/internal/config/server/config.go:65.15,66.35 1 1
github.com/SmirnovND/gophkeeper/internal/config/server/config.go:66.35,68.4 1 1
github.com/SmirnovND/gophkeeper/internal/config/server/config.go:71.2,75.11 5 1
github.com/SmirnovND/gophkeeper/internal/config/server/config.go:78.43,80.16 2 1
github.com/SmirnovND/gophkeeper/internal/config/server/config.go:80.16,84.3 3 1
github.com/SmirnovND/gophkeeper/internal/config/server/config.go:86.2,88.16 3 1
github.com/SmirnovND/gophkeeper/internal/config/server/config.go:88.16,92.3 3 1
github.com/SmirnovND/gophkeeper/internal/container/server/container.go:24.32,32.2 7 0
github.com/SmirnovND/gophkeeper/internal/container/server/container.go:35.43,38.74 2 0
github.com/SmirnovND/gophkeeper/internal/container/server/container.go:38.74,40.3 1 0
github.com/SmirnovND/gophkeeper/internal/container/server/container.go:43.2,43.54 1 0
github.com/SmirnovND/gophkeeper/internal/container/server/container.go:43.54,45.3 1 0
github.com/SmirnovND/gophkeeper/internal/container/server/container.go:47.2,47.79 1 0
github.com/SmirnovND/gophkeeper/internal/container/server/container.go:47.79,52.17 2 0
github.com/SmirnovND/gophkeeper/internal/container/server/container.go:52.17,54.85 1 0
github.com/SmirnovND/gophkeeper/internal/container/server/container.go:57.3,57.16 1 0
github.com/SmirnovND/gophkeeper/internal/container/server/container.go:66.43,68.2 1 0
github.com/SmirnovND/gophkeeper/internal/container/server/container.go:70.75,72.2 1 0
github.com/SmirnovND/gophkeeper/internal/container/server/container.go:74.38,78.2 3 0
github.com/SmirnovND/gophkeeper/internal/container/server/container.go:80.35,83.2 2 0
github.com/SmirnovND/gophkeeper/internal/container/server/container.go:85.38,91.110 5 0
github.com/SmirnovND/gophkeeper/internal/container/server/container.go:91.110,93.3 1 0
github.com/SmirnovND/gophkeeper/internal/container/server/container.go:97.41,101.2 3 0
github.com/SmirnovND/gophkeeper/internal/container/server/container.go:104.56,106.2 1 0
github.com/SmirnovND/gophkeeper/internal/controllers/auth_controller.go:14.76,18.2 1 1
github.com/SmirnovND/gophkeeper/internal/controllers/auth_controller.go:32.85,34.16 2 1
github.com/SmirnovND/gophkeeper/internal/controllers/auth_controller.go:34.16,36.3 1 1
github.com/SmirnovND/gophkeeper/internal/controllers/auth_controller.go:37.2,37.40 1 1
github.com/SmirnovND/gophkeeper/internal/controllers/auth_controller.go:52.82,54.16 2 1
github.com/SmirnovND/gophkeeper/internal/controllers/auth_controller.go:54.16,56.3 1 1
github.com/SmirnovND/gophkeeper/internal/controllers/auth_controller.go:57.2,57.37 1 1
github.com/SmirnovND/gophkeeper/internal/controllers/data_controller.go:17.76,21.2 1 1
github.com/SmirnovND/gophkeeper/internal/controllers/data_controller.go:37.81,40.17 2 1
github.com/SmirnovND/gophkeeper/internal/controllers/data_controller.go:40.17,43.3 2 1
github.com/SmirnovND/gophkeeper/internal/controllers/data_controller.go:46.2,52.53 3 1
github.com/SmirnovND/gophkeeper/internal/controllers/data_controller.go:52.53,55.3 2 1
github.com/SmirnovND/gophkeeper/internal/controllers/data_controller.go:57.2,57.39 1 1
github.com/SmirnovND/gophkeeper/internal/controllers/data_controller.go:57.39,60.3 2 1
github.com/SmirnovND/gophkeeper/internal/controllers/data_controller.go:62.2,62.93 1 1
github.com/SmirnovND/gophkeeper/internal/controllers/data_controller.go:79.80,82.17 2 1
github.com/SmirnovND/gophkeeper/internal/controllers/data_controller.go:82.17,85.3 2 1
github.com/SmirnovND/gophkeeper/internal/controllers/data_controller.go:87.2,87.42 1 1
github.com/SmirnovND/gophkeeper/internal/controllers/data_controller.go:104.75,107.17 2 1
github.com/SmirnovND/gophkeeper/internal/controllers/data_controller.go:107.17,110.3 2 1
github.com/SmirnovND/gophkeeper/internal/controllers/data_controller.go:113.2,119.53 3 1
github.com/SmirnovND/gophkeeper/internal/controllers/data_controller.go:119.53,122.3 2 1
github.com/SmirnovND/gophkeeper/internal/controllers/data_controller.go:124.2,124.33 1 1
github.com/SmirnovND/gophkeeper/internal/controllers/data_controller.go:124.33,127.3 2 1
github.com/SmirnovND/gophkeeper/internal/controllers/data_controller.go:129.2,129.81 1 1
github.com/SmirnovND/gophkeeper/internal/controllers/data_controller.go:146.74,149.17 2 1
github.com/SmirnovND/gophkeeper/internal/controllers/data_controller.go:149.17,152.3 2 1
github.com/SmirnovND/gophkeeper/internal/controllers/data_controller.go:154.2,154.36 1 1
github.com/SmirnovND/gophkeeper/internal/controllers/data_controller.go:171.75,174.17 2 1
github.com/SmirnovND/gophkeeper/internal/controllers/data_controller.go:174.17,177.3 2 1
github.com/SmirnovND/gophkeeper/internal/controllers/data_controller.go:180.2,186.53 3 1
github.com/SmirnovND/gophkeeper/internal/controllers/data_controller.go:186.53,189.3 2 1
github.com/SmirnovND/gophkeeper/internal/controllers/data_controller.go:191.2,191.33 1 1
github.com/SmirnovND/gophkeeper/internal/controllers/data_controller.go:191.33,194.3 2 1
github.com/SmirnovND/gophkeeper/internal/controllers/data_controller.go:196.2,196.81 1 1
github.com/SmirnovND/gophkeeper/internal/controllers/data_controller.go:213.74,216.17 2 1
github.com/SmirnovND/gophkeeper/internal/controllers/data_controller.go:216.17,219.3 2 1
github.com/SmirnovND/gophkeeper/internal/controllers/data_controller.go:221.2,221.36 1 1
github.com/SmirnovND/gophkeeper/internal/controllers/data_controller.go:238.83,241.17 2 1
github.com/SmirnovND/gophkeeper/internal/controllers/data_controller.go:241.17,244.3 2 1
github.com/SmirnovND/gophkeeper/internal/controllers/data_controller.go:246.2,246.45 1 1
github.com/SmirnovND/gophkeeper/internal/controllers/data_controller.go:263.77,266.17 2 1
github.com/SmirnovND/gophkeeper/internal/controllers/data_controller.go:266.17,269.3 2 1
github.com/SmirnovND/gophkeeper/internal/controllers/data_controller.go:271.2,271.39 1 1
github.com/SmirnovND/gophkeeper/internal/controllers/data_controller.go:288.77,291.17 2 1
github.com/SmirnovND/gophkeeper/internal/controllers/data_controller.go:291.17,294.3 2 1
github.com/SmirnovND/gophkeeper/internal/controllers/data_controller.go:296.2,296.39 1 1
github.com/SmirnovND/gophkeeper/internal/controllers/file_controller.go:14.77,18.2 1 1
github.com/SmirnovND/gophkeeper/internal/controllers/file_controller.go:35.83,37.16 2 1
github.com/SmirnovND/gophkeeper/internal/controllers/file_controller.go:37.16,39.3 1 1
github.com/SmirnovND/gophkeeper/internal/controllers/file_controller.go:41.2,41.50 1 1
github.com/SmirnovND/gophkeeper/internal/controllers/file_controller.go:59.85,62.17 2 1
github.com/SmirnovND/gophkeeper/internal/controllers/file_controller.go:62.17,65.3 2 1
github.com/SmirnovND/gophkeeper/internal/controllers/file_controller.go:68.2,68.49 1 1
github.com/SmirnovND/gophkeeper/internal/domain/errors.go:13.32,15.2 1 0
github.com/SmirnovND/gophkeeper/internal/domain/errors.go:17.28,19.2 1 0
github.com/SmirnovND/gophkeeper/internal/router/router.go:15.58,25.4 5 0
github.com/SmirnovND/gophkeeper/internal/router/router.go:25.4,30.3 4 0
github.com/SmirnovND/gophkeeper/internal/router/router.go:31.2,31.16 1 0
github.com/SmirnovND/gophkeeper/internal/router/router.go:31.16,34.3 2 0
github.com/SmirnovND/gophkeeper/internal/router/router.go:36.2,46.74 6 0
github.com/SmirnovND/gophkeeper/internal/router/router.go:46.74,48.3 1 0
github.com/SmirnovND/gophkeeper/internal/router/router.go:50.2,50.75 1 0
github.com/SmirnovND/gophkeeper/internal/router/router.go:50.75,52.3 1 0
github.com/SmirnovND/gophkeeper/internal/router/router.go:55.2,55.42 1 0
github.com/SmirnovND/gophkeeper/internal/router/router.go:55.42,57.46 1 0
github.com/SmirnovND/gophkeeper/internal/router/router.go:57.46,58.73 1 0
github.com/SmirnovND/gophkeeper/internal/router/router.go:58.73,60.5 1 0
github.com/SmirnovND/gophkeeper/internal/router/router.go:64.3,64.53 1 0
github.com/SmirnovND/gophkeeper/internal/router/router.go:64.53,68.4 3 0
github.com/SmirnovND/gophkeeper/internal/router/router.go:71.3,71.47 1 0
github.com/SmirnovND/gophkeeper/internal/router/router.go:71.47,75.4 3 0
github.com/SmirnovND/gophkeeper/internal/router/router.go:78.3,78.47 1 0
github.com/SmirnovND/gophkeeper/internal/router/router.go:78.47,82.4 3 0
github.com/SmirnovND/gophkeeper/internal/router/router.go:86.2,86.66 1 0
github.com/SmirnovND/gophkeeper/internal/router/router.go:86.66,88.3 1 0
github.com/SmirnovND/gophkeeper/internal/router/router.go:91.2,91.58 1 0
github.com/SmirnovND/gophkeeper/internal/router/router.go:91.58,93.3 1 0
github.com/SmirnovND/gophkeeper/internal/router/router.go:95.2,95.10 1 0
github.com/SmirnovND/gophkeeper/internal/repo/pass.go:16.64,20.2 1 0
github.com/SmirnovND/gophkeeper/internal/repo/pass.go:24.70,27.45 2 0
github.com/SmirnovND/gophkeeper/internal/repo/pass.go:27.45,29.3 1 0
github.com/SmirnovND/gophkeeper/internal/repo/pass.go:32.2,32.25 1 0
github.com/SmirnovND/gophkeeper/internal/repo/pass.go:32.25,40.17 3 0
github.com/SmirnovND/gophkeeper/internal/repo/pass.go:40.17,42.4 1 0
github.com/SmirnovND/gophkeeper/internal/repo/pass.go:43.8,51.17 3 0
github.com/SmirnovND/gophkeeper/internal/repo/pass.go:51.17,53.4 1 0
github.com/SmirnovND/gophkeeper/internal/repo/pass.go:56.2,56.12 1 0
github.com/SmirnovND/gophkeeper/internal/repo/pass.go:60.92,78.16 5 0
github.com/SmirnovND/gophkeeper/internal/repo/pass.go:78.16,79.27 1 0
github.com/SmirnovND/gophkeeper/internal/repo/pass.go:79.27,81.4 1 0
github.com/SmirnovND/gophkeeper/internal/repo/pass.go:82.3,82.62 1 0
github.com/SmirnovND/gophkeeper/internal/repo/pass.go:85.2,85.22 1 0
github.com/SmirnovND/gophkeeper/internal/repo/pass.go:89.56,93.16 3 0
github.com/SmirnovND/gophkeeper/internal/repo/pass.go:93.16,95.3 1 0
github.com/SmirnovND/gophkeeper/internal/repo/pass.go:97.2,98.16 2 0
github.com/SmirnovND/gophkeeper/internal/repo/pass.go:98.16,100.3 1 0
github.com/SmirnovND/gophkeeper/internal/repo/pass.go:102.2,102.23 1 0
github.com/SmirnovND/gophkeeper/internal/repo/pass.go:102.23,104.3 1 0
github.com/SmirnovND/gophkeeper/internal/repo/pass.go:106.2,106.12 1 0
github.com/SmirnovND/gophkeeper/internal/repo/pass.go:110.115,128.16 5 0
github.com/SmirnovND/gophkeeper/internal/repo/pass.go:128.16,129.27 1 0
github.com/SmirnovND/gophkeeper/internal/repo/pass.go:129.27,131.4 1 0
github.com/SmirnovND/gophkeeper/internal/repo/pass.go:132.3,132.80 1 0
github.com/SmirnovND/gophkeeper/internal/repo/pass.go:135.2,135.22 1 0
github.com/SmirnovND/gophkeeper/internal/repo/pass.go:139.83,143.16 3 0
github.com/SmirnovND/gophkeeper/internal/repo/pass.go:143.16,145.3 1 0
github.com/SmirnovND/gophkeeper/internal/repo/pass.go:147.2,148.16 2 0
github.com/SmirnovND/gophkeeper/internal/repo/pass.go:148.16,150.3 1 0
github.com/SmirnovND/gophkeeper/internal/repo/pass.go:152.2,152.23 1 0
github.com/SmirnovND/gophkeeper/internal/repo/pass.go:152.23,154.3 1 0
github.com/SmirnovND/gophkeeper/internal/repo/pass.go:156.2,156.12 1 0
github.com/SmirnovND/gophkeeper/internal/repo/token.go:21.48,23.2 1 1
github.com/SmirnovND/gophkeeper/internal/repo/token.go:26.54,29.16 2 1
github.com/SmirnovND/gophkeeper/internal/repo/token.go:29.16,31.3 1 0
github.com/SmirnovND/gophkeeper/internal/repo/token.go:34.2,35.47 2 1
github.com/SmirnovND/gophkeeper/internal/repo/token.go:35.47,37.3 1 1
github.com/SmirnovND/gophkeeper/internal/repo/token.go:40.2,44.16 3 1
github.com/SmirnovND/gophkeeper/internal/repo/token.go:44.16,46.3 1 0
github.com/SmirnovND/gophkeeper/internal/repo/token.go:47.2,50.47 2 1
github.com/SmirnovND/gophkeeper/internal/repo/token.go:54.52,57.16 2 1
github.com/SmirnovND/gophkeeper/internal/repo/token.go:57.16,59.3 1 0
github.com/SmirnovND/gophkeeper/internal/repo/token.go:62.2,63.16 2 1
github.com/SmirnovND/gophkeeper/internal/repo/token.go:63.16,65.3 1 1
github.com/SmirnovND/gophkeeper/internal/repo/token.go:66.2,70.64 3 1
github.com/SmirnovND/gophkeeper/internal/repo/token.go:70.64,72.3 1 1
github.com/SmirnovND/gophkeeper/internal/repo/token.go:75.2,75.26 1 1
github.com/SmirnovND/gophkeeper/internal/repo/token.go:75.26,77.3 1 1
github.com/SmirnovND/gophkeeper/internal/repo/token.go:78.2,78.28 1 1
github.com/SmirnovND/gophkeeper/internal/repo/token.go:82.44,84.16 2 0
github.com/SmirnovND/gophkeeper/internal/repo/token.go:84.16,86.3 1 0
github.com/SmirnovND/gophkeeper/internal/repo/token.go:87.2,87.56 1 0
github.com/SmirnovND/gophkeeper/internal/repo/user.go:14.56,18.2 1 0
github.com/SmirnovND/gophkeeper/internal/repo/user.go:20.65,26.16 5 0
github.com/SmirnovND/gophkeeper/internal/repo/user.go:26.16,27.27 1 0
github.com/SmirnovND/gophkeeper/internal/repo/user.go:27.27,29.4 1 0
github.com/SmirnovND/gophkeeper/internal/repo/user.go:30.3,30.57 1 0
github.com/SmirnovND/gophkeeper/internal/repo/user.go:33.2,33.18 1 0
github.com/SmirnovND/gophkeeper/internal/repo/user.go:36.54,44.16 4 0
github.com/SmirnovND/gophkeeper/internal/repo/user.go:44.16,46.3 1 0
github.com/SmirnovND/gophkeeper/internal/repo/user.go:48.2,48.12 1 0
github.com/SmirnovND/gophkeeper/internal/usecase/auth.go:18.26,23.2 1 1
github.com/SmirnovND/gophkeeper/internal/usecase/auth.go:25.104,29.16 3 1
github.com/SmirnovND/gophkeeper/internal/usecase/auth.go:29.16,32.3 2 1
github.com/SmirnovND/gophkeeper/internal/usecase/auth.go:34.2,34.31 1 1
github.com/SmirnovND/gophkeeper/internal/usecase/auth.go:34.31,37.3 2 1
github.com/SmirnovND/gophkeeper/internal/usecase/auth.go:39.2,42.16 3 1
github.com/SmirnovND/gophkeeper/internal/usecase/auth.go:42.16,46.3 2 1
github.com/SmirnovND/gophkeeper/internal/usecase/auth.go:48.2,49.16 2 1
github.com/SmirnovND/gophkeeper/internal/usecase/auth.go:49.16,52.3 2 1
github.com/SmirnovND/gophkeeper/internal/usecase/auth.go:54.2,60.19 4 1
github.com/SmirnovND/gophkeeper/internal/usecase/auth.go:63.101,67.16 3 1
github.com/SmirnovND/gophkeeper/internal/usecase/auth.go:67.16,68.32 1 1
github.com/SmirnovND/gophkeeper/internal/usecase/auth.go:68.32,71.4 2 1
github.com/SmirnovND/gophkeeper/internal/usecase/auth.go:71.9,74.4 2 1
github.com/SmirnovND/gophkeeper/internal/usecase/auth.go:78.2,79.16 2 1
github.com/SmirnovND/gophkeeper/internal/usecase/auth.go:79.16,82.3 2 1
github.com/SmirnovND/gophkeeper/internal/usecase/auth.go:85.2,86.16 2 1
github.com/SmirnovND/gophkeeper/internal/usecase/auth.go:86.16,89.3 2 1
github.com/SmirnovND/gophkeeper/internal/usecase/auth.go:91.2,97.19 4 1
github.com/SmirnovND/gophkeeper/internal/usecase/auth.go:101.75,103.2 1 1
github.com/SmirnovND/gophkeeper/internal/usecase/client.go:23.28,28.2 1 1
github.com/SmirnovND/gophkeeper/internal/usecase/client.go:30.71,33.16 2 1
github.com/SmirnovND/gophkeeper/internal/usecase/client.go:33.16,35.3 1 1
github.com/SmirnovND/gophkeeper/internal/usecase/client.go:38.2,39.12 2 1
github.com/SmirnovND/gophkeeper/internal/usecase/client.go:42.96,43.31 1 1
github.com/SmirnovND/gophkeeper/internal/usecase/client.go:43.31,45.3 1 1
github.com/SmirnovND/gophkeeper/internal/usecase/client.go:47.2,48.16 2 1
github.com/SmirnovND/gophkeeper/internal/usecase/client.go:48.16,50.3 1 1
github.com/SmirnovND/gophkeeper/internal/usecase/client.go:53.2,54.12 2 1
github.com/SmirnovND/gophkeeper/internal/usecase/client.go:58.79,61.16 2 1
github.com/SmirnovND/gophkeeper/internal/usecase/client.go:61.16,63.3 1 0
github.com/SmirnovND/gophkeeper/internal/usecase/client.go:66.2,66.22 1 1
github.com/SmirnovND/gophkeeper/internal/usecase/client.go:66.22,68.3 1 0
github.com/SmirnovND/gophkeeper/internal/usecase/client.go:71.2,75.26 3 1
github.com/SmirnovND/gophkeeper/internal/usecase/client.go:75.26,77.3 1 0
github.com/SmirnovND/gophkeeper/internal/usecase/client.go:80.2,81.16 2 1
github.com/SmirnovND/gophkeeper/internal/usecase/client.go:81.16,83.3 1 0
github.com/SmirnovND/gophkeeper/internal/usecase/client.go:84.2,87.16 3 1
github.com/SmirnovND/gophkeeper/internal/usecase/client.go:87.16,89.3 1 0
github.com/SmirnovND/gophkeeper/internal/usecase/client.go:91.2,100.16 8 1
github.com/SmirnovND/gophkeeper/internal/usecase/client.go:100.16,102.3 1 0
github.com/SmirnovND/gophkeeper/internal/usecase/client.go:105.2,106.12 2 1
github.com/SmirnovND/gophkeeper/internal/usecase/client.go:106.12,108.3 1 1
github.com/SmirnovND/gophkeeper/internal/usecase/client.go:109.2,111.52 2 1
github.com/SmirnovND/gophkeeper/internal/usecase/client.go:115.54,117.17 1 1
github.com/SmirnovND/gophkeeper/internal/usecase/client.go:117.17,119.3 1 1
github.com/SmirnovND/gophkeeper/internal/usecase/client.go:122.2,123.16 2 1
github.com/SmirnovND/gophkeeper/internal/usecase/client.go:123.16,125.3 1 1
github.com/SmirnovND/gophkeeper/internal/usecase/client.go:128.2,129.16 2 1
github.com/SmirnovND/gophkeeper/internal/usecase/client.go:129.16,131.3 1 1
github.com/SmirnovND/gophkeeper/internal/usecase/client.go:134.2,134.20 1 1
github.com/SmirnovND/gophkeeper/internal/usecase/client.go:134.20,139.3 4 1
github.com/SmirnovND/gophkeeper/internal/usecase/client.go:142.2,151.16 6 1
github.com/SmirnovND/gophkeeper/internal/usecase/client.go:151.16,153.3 1 1
github.com/SmirnovND/gophkeeper/internal/usecase/client.go:155.2,156.12 2 1
github.com/SmirnovND/gophkeeper/internal/usecase/client.go:160.98,162.17 1 1
github.com/SmirnovND/gophkeeper/internal/usecase/client.go:162.17,164.3 1 1
github.com/SmirnovND/gophkeeper/internal/usecase/client.go:167.2,168.16 2 1
github.com/SmirnovND/gophkeeper/internal/usecase/client.go:168.16,170.3 1 1
github.com/SmirnovND/gophkeeper/internal/usecase/client.go:173.2,174.16 2 1
github.com/SmirnovND/gophkeeper/internal/usecase/client.go:174.16,176.3 1 1
github.com/SmirnovND/gophkeeper/internal/usecase/client.go:178.2,178.12 1 1
github.com/SmirnovND/gophkeeper/internal/usecase/client.go:182.81,184.17 1 1
github.com/SmirnovND/gophkeeper/internal/usecase/client.go:184.17,186.3 1 1
github.com/SmirnovND/gophkeeper/internal/usecase/client.go:189.2,190.16 2 1
github.com/SmirnovND/gophkeeper/internal/usecase/client.go:190.16,192.3 1 1
github.com/SmirnovND/gophkeeper/internal/usecase/client.go:195.2,196.16 2 1
github.com/SmirnovND/gophkeeper/internal/usecase/client.go:196.16,198.3 1 1
github.com/SmirnovND/gophkeeper/internal/usecase/client.go:200.2,200.32 1 1
github.com/SmirnovND/gophkeeper/internal/usecase/client.go:204.56,206.17 1 1
github.com/SmirnovND/gophkeeper/internal/usecase/client.go:206.17,208.3 1 1
github.com/SmirnovND/gophkeeper/internal/usecase/client.go:211.2,212.16 2 1
github.com/SmirnovND/gophkeeper/internal/usecase/client.go:212.16,214.3 1 1
github.com/SmirnovND/gophkeeper/internal/usecase/client.go:217.2,218.16 2 1
github.com/SmirnovND/gophkeeper/internal/usecase/client.go:218.16,220.3 1 1
github.com/SmirnovND/gophkeeper/internal/usecase/client.go:222.2,222.12 1 1
github.com/SmirnovND/gophkeeper/internal/usecase/client.go:226.98,228.17 1 1
github.com/SmirnovND/gophkeeper/internal/usecase/client.go:228.17,230.3 1 1
github.com/SmirnovND/gophkeeper/internal/usecase/client.go:233.2,234.16 2 1
github.com/SmirnovND/gophkeeper/internal/usecase/client.go:234.16,236.3 1 1
github.com/SmirnovND/gophkeeper/internal/usecase/client.go:239.2,240.16 2 1
github.com/SmirnovND/gophkeeper/internal/usecase/client.go:240.16,242.3 1 1
github.com/SmirnovND/gophkeeper/internal/usecase/client.go:244.2,244.12 1 1
github.com/SmirnovND/gophkeeper/internal/usecase/client.go:248.81,250.17 1 1
github.com/SmirnovND/gophkeeper/internal/usecase/client.go:250.17,252.3 1 1
github.com/SmirnovND/gophkeeper/internal/usecase/client.go:255.2,256.16 2 1
github.com/SmirnovND/gophkeeper/internal/usecase/client.go:256.16,258.3 1 1
github.com/SmirnovND/gophkeeper/internal/usecase/client.go:261.2,262.16 2 1
github.com/SmirnovND/gophkeeper/internal/usecase/client.go:262.16,264.3 1 1
github.com/SmirnovND/gophkeeper/internal/usecase/client.go:266.2,266.32 1 1
github.com/SmirnovND/gophkeeper/internal/usecase/client.go:270.56,272.17 1 1
github.com/SmirnovND/gophkeeper/internal/usecase/client.go:272.17,274.3 1 1
github.com/SmirnovND/gophkeeper/internal/usecase/client.go:277.2,278.16 2 1
github.com/SmirnovND/gophkeeper/internal/usecase/client.go:278.16,280.3 1 1
github.com/SmirnovND/gophkeeper/internal/usecase/client.go:283.2,284.16 2 1
github.com/SmirnovND/gophkeeper/internal/usecase/client.go:284.16,286.3 1 1
github.com/SmirnovND/gophkeeper/internal/usecase/client.go:288.2,288.12 1 1
github.com/SmirnovND/gophkeeper/internal/usecase/client.go:292.116,294.17 1 1
github.com/SmirnovND/gophkeeper/internal/usecase/client.go:294.17,296.3 1 1
github.com/SmirnovND/gophkeeper/internal/usecase/client.go:299.2,300.16 2 1
github.com/SmirnovND/gophkeeper/internal/usecase/client.go:300.16,302.3 1 1
github.com/SmirnovND/gophkeeper/internal/usecase/client.go:305.2,306.16 2 1
github.com/SmirnovND/gophkeeper/internal/usecase/client.go:306.16,308.3 1 1
github.com/SmirnovND/gophkeeper/internal/usecase/client.go:310.2,310.12 1 1
github.com/SmirnovND/gophkeeper/internal/usecase/client.go:314.93,316.17 1 1
github.com/SmirnovND/gophkeeper/internal/usecase/client.go:316.17,318.3 1 1
github.com/SmirnovND/gophkeeper/internal/usecase/client.go:321.2,322.16 2 1
github.com/SmirnovND/gophkeeper/internal/usecase/client.go:322.16,324.3 1 1
github.com/SmirnovND/gophkeeper/internal/usecase/client.go:327.2,328.16 2 1
github.com/SmirnovND/gophkeeper/internal/usecase/client.go:328.16,330.3 1 1
github.com/SmirnovND/gophkeeper/internal/usecase/client.go:332.2,332.38 1 1
github.com/SmirnovND/gophkeeper/internal/usecase/client.go:336.62,338.17 1 1
github.com/SmirnovND/gophkeeper/internal/usecase/client.go:338.17,340.3 1 1
github.com/SmirnovND/gophkeeper/internal/usecase/client.go:343.2,344.16 2 1
github.com/SmirnovND/gophkeeper/internal/usecase/client.go:344.16,346.3 1 1
github.com/SmirnovND/gophkeeper/internal/usecase/client.go:349.2,350.16 2 1
github.com/SmirnovND/gophkeeper/internal/usecase/client.go:350.16,352.3 1 1
github.com/SmirnovND/gophkeeper/internal/usecase/client.go:354.2,354.12 1 1
github.com/SmirnovND/gophkeeper/internal/usecase/client.go:358.39,360.55 1 1
github.com/SmirnovND/gophkeeper/internal/usecase/client.go:360.55,362.3 1 1
github.com/SmirnovND/gophkeeper/internal/usecase/client.go:364.2,364.14 1 1
github.com/SmirnovND/gophkeeper/internal/usecase/client.go:368.41,370.55 1 1
github.com/SmirnovND/gophkeeper/internal/usecase/client.go:370.55,372.3 1 1
github.com/SmirnovND/gophkeeper/internal/usecase/client.go:374.2,374.14 1 1
github.com/SmirnovND/gophkeeper/internal/usecase/cloud.go:21.27,27.2 1 1
github.com/SmirnovND/gophkeeper/internal/usecase/cloud.go:29.110,31.16 2 1
github.com/SmirnovND/gophkeeper/internal/usecase/cloud.go:31.16,34.3 2 1
github.com/SmirnovND/gophkeeper/internal/usecase/cloud.go:37.2,37.72 1 1
github.com/SmirnovND/gophkeeper/internal/usecase/cloud.go:37.72,40.3 2 1
github.com/SmirnovND/gophkeeper/internal/usecase/cloud.go:43.2,48.16 3 1
github.com/SmirnovND/gophkeeper/internal/usecase/cloud.go:48.16,51.3 2 1
github.com/SmirnovND/gophkeeper/internal/usecase/cloud.go:54.2,55.16 2 1
github.com/SmirnovND/gophkeeper/internal/usecase/cloud.go:55.16,58.3 2 1
github.com/SmirnovND/gophkeeper/internal/usecase/cloud.go:60.2,68.37 4 1
github.com/SmirnovND/gophkeeper/internal/usecase/cloud.go:71.99,74.16 2 1
github.com/SmirnovND/gophkeeper/internal/usecase/cloud.go:74.16,77.3 2 1
github.com/SmirnovND/gophkeeper/internal/usecase/cloud.go:80.2,80.17 1 1
github.com/SmirnovND/gophkeeper/internal/usecase/cloud.go:80.17,83.3 2 1
github.com/SmirnovND/gophkeeper/internal/usecase/cloud.go:86.2,87.16 2 1
github.com/SmirnovND/gophkeeper/internal/usecase/cloud.go:87.16,90.3 2 1
github.com/SmirnovND/gophkeeper/internal/usecase/cloud.go:93.2,97.16 3 1
github.com/SmirnovND/gophkeeper/internal/usecase/cloud.go:97.16,100.3 2 1
github.com/SmirnovND/gophkeeper/internal/usecase/cloud.go:103.2,118.37 4 1
github.com/SmirnovND/gophkeeper/internal/usecase/data.go:18.26,23.2 1 1
github.com/SmirnovND/gophkeeper/internal/usecase/data.go:24.91,26.16 2 1
github.com/SmirnovND/gophkeeper/internal/usecase/data.go:26.16,29.3 2 1
github.com/SmirnovND/gophkeeper/internal/usecase/data.go:31.2,32.16 2 1
github.com/SmirnovND/gophkeeper/internal/usecase/data.go:32.16,33.71 1 1
github.com/SmirnovND/gophkeeper/internal/usecase/data.go:33.71,36.4 2 1
github.com/SmirnovND/gophkeeper/internal/usecase/data.go:37.3,38.9 2 1
github.com/SmirnovND/gophkeeper/internal/usecase/data.go:42.2,53.37 4 1
github.com/SmirnovND/gophkeeper/internal/usecase/data.go:56.148,58.16 2 1
github.com/SmirnovND/gophkeeper/internal/usecase/data.go:58.16,61.3 2 1
github.com/SmirnovND/gophkeeper/internal/usecase/data.go:64.2,65.16 2 1
github.com/SmirnovND/gophkeeper/internal/usecase/data.go:65.16,68.3 2 1
github.com/SmirnovND/gophkeeper/internal/usecase/data.go:71.2,73.122 3 1
github.com/SmirnovND/gophkeeper/internal/usecase/data.go:76.130,78.16 2 1
github.com/SmirnovND/gophkeeper/internal/usecase/data.go:78.16,81.3 2 1
github.com/SmirnovND/gophkeeper/internal/usecase/data.go:84.2,85.16 2 1
github.com/SmirnovND/gophkeeper/internal/usecase/data.go:85.16,88.3 2 1
github.com/SmirnovND/gophkeeper/internal/usecase/data.go:91.2,93.118 3 1
github.com/SmirnovND/gophkeeper/internal/usecase/data.go:96.85,98.16 2 1
github.com/SmirnovND/gophkeeper/internal/usecase/data.go:98.16,101.3 2 1
github.com/SmirnovND/gophkeeper/internal/usecase/data.go:104.2,105.16 2 1
github.com/SmirnovND/gophkeeper/internal/usecase/data.go:105.16,106.67 1 1
github.com/SmirnovND/gophkeeper/internal/usecase/data.go:106.67,109.4 2 1
github.com/SmirnovND/gophkeeper/internal/usecase/data.go:110.3,111.9 2 1
github.com/SmirnovND/gophkeeper/internal/usecase/data.go:115.2,126.37 4 1
github.com/SmirnovND/gophkeeper/internal/usecase/data.go:129.130,131.16 2 1
github.com/SmirnovND/gophkeeper/internal/usecase/data.go:131.16,134.3 2 1
github.com/SmirnovND/gophkeeper/internal/usecase/data.go:137.2,138.16 2 1
github.com/SmirnovND/gophkeeper/internal/usecase/data.go:138.16,141.3 2 1
github.com/SmirnovND/gophkeeper/internal/usecase/data.go:144.2,146.126 3 1
github.com/SmirnovND/gophkeeper/internal/usecase/data.go:149.85,151.16 2 1
github.com/SmirnovND/gophkeeper/internal/usecase/data.go:151.16,154.3 2 1
github.com/SmirnovND/gophkeeper/internal/usecase/data.go:157.2,158.16 2 1
github.com/SmirnovND/gophkeeper/internal/usecase/data.go:158.16,159.75 1 1
github.com/SmirnovND/gophkeeper/internal/usecase/data.go:159.75,162.4 2 1
github.com/SmirnovND/gophkeeper/internal/usecase/data.go:163.3,164.9 2 1
github.com/SmirnovND/gophkeeper/internal/usecase/data.go:168.2,179.37 4 1
github.com/SmirnovND/gophkeeper/internal/usecase/data.go:182.94,184.16 2 1
github.com/SmirnovND/gophkeeper/internal/usecase/data.go:184.16,187.3 2 1
github.com/SmirnovND/gophkeeper/internal/usecase/data.go:190.2,191.16 2 1
github.com/SmirnovND/gophkeeper/internal/usecase/data.go:191.16,192.71 1 1
github.com/SmirnovND/gophkeeper/internal/usecase/data.go:192.71,195.4 2 1
github.com/SmirnovND/gophkeeper/internal/usecase/data.go:196.3,197.9 2 1
github.com/SmirnovND/gophkeeper/internal/usecase/data.go:201.2,203.118 3 1
github.com/SmirnovND/gophkeeper/internal/usecase/data.go:206.88,208.16 2 1
github.com/SmirnovND/gophkeeper/internal/usecase/data.go:208.16,211.3 2 1
github.com/SmirnovND/gophkeeper/internal/usecase/data.go:214.2,215.16 2 1
github.com/SmirnovND/gophkeeper/internal/usecase/data.go:215.16,216.67 1 1
github.com/SmirnovND/gophkeeper/internal/usecase/data.go:216.67,219.4 2 1
github.com/SmirnovND/gophkeeper/internal/usecase/data.go:220.3,221.9 2 1
github.com/SmirnovND/gophkeeper/internal/usecase/data.go:225.2,227.114 3 1
github.com/SmirnovND/gophkeeper/internal/usecase/data.go:230.88,232.16 2 1
github.com/SmirnovND/gophkeeper/internal/usecase/data.go:232.16,235.3 2 1
github.com/SmirnovND/gophkeeper/internal/usecase/data.go:238.2,239.16 2 1
github.com/SmirnovND/gophkeeper/internal/usecase/data.go:239.16,240.75 1 1
github.com/SmirnovND/gophkeeper/internal/usecase/data.go:240.75,243.4 2 1
github.com/SmirnovND/gophkeeper/internal/usecase/data.go:244.3,245.9 2 1
github.com/SmirnovND/gophkeeper/internal/usecase/data.go:249.2,251.122 3 1
github.com/SmirnovND/gophkeeper/pkg/path.go:21.41,23.2 1 0
github.com/SmirnovND/gophkeeper/pkg/path.go:26.31,29.16 2 1
github.com/SmirnovND/gophkeeper/pkg/path.go:29.16,32.3 1 1
github.com/SmirnovND/gophkeeper/pkg/path.go:35.2,35.21 1 1
github.com/SmirnovND/gophkeeper/pkg/path.go:36.17,37.45 1 1
github.com/SmirnovND/gophkeeper/pkg/path.go:38.16,39.45 1 1
github.com/SmirnovND/gophkeeper/pkg/path.go:40.10,43.26 2 1
github.com/SmirnovND/gophkeeper/pkg/path.go:43.26,45.4 1 1
github.com/SmirnovND/gophkeeper/pkg/path.go:48.3,49.50 2 1
github.com/SmirnovND/gophkeeper/pkg/path.go:49.50,53.4 1 0
github.com/SmirnovND/gophkeeper/pkg/path.go:56.3,56.45 1 1
github.com/SmirnovND/gophkeeper/pkg/str.go:3.49,7.42 3 1
github.com/SmirnovND/gophkeeper/pkg/str.go:7.42,8.25 1 1
github.com/SmirnovND/gophkeeper/pkg/str.go:8.25,10.9 2 1
github.com/SmirnovND/gophkeeper/pkg/str.go:12.3,12.48 1 1
github.com/SmirnovND/gophkeeper/pkg/str.go:12.48,13.9 1 0
github.com/SmirnovND/gophkeeper/pkg/str.go:16.2,16.24 1 1
github.com/SmirnovND/gophkeeper/pkg/str.go:16.24,18.3 1 1
github.com/SmirnovND/gophkeeper/pkg/str.go:20.2,20.18 1 1
github.com/SmirnovND/gophkeeper/internal/service/auth.go:16.72,20.2 1 1
github.com/SmirnovND/gophkeeper/internal/service/auth.go:22.67,37.2 4 1
github.com/SmirnovND/gophkeeper/internal/service/auth.go:39.81,41.111 1 1
github.com/SmirnovND/gophkeeper/internal/service/auth.go:41.111,43.3 1 1
github.com/SmirnovND/gophkeeper/internal/service/auth.go:45.2,45.16 1 1
github.com/SmirnovND/gophkeeper/internal/service/auth.go:45.16,47.3 1 1
github.com/SmirnovND/gophkeeper/internal/service/auth.go:50.2,50.68 1 1
github.com/SmirnovND/gophkeeper/internal/service/auth.go:50.68,52.3 1 1
github.com/SmirnovND/gophkeeper/internal/service/auth.go:54.2,54.17 1 0
github.com/SmirnovND/gophkeeper/internal/service/auth.go:58.69,61.2 2 1
github.com/SmirnovND/gophkeeper/internal/service/auth.go:64.69,67.2 2 1
github.com/SmirnovND/gophkeeper/internal/service/auth.go:69.80,72.2 1 1
github.com/SmirnovND/gophkeeper/internal/service/client.go:21.67,26.2 1 1
github.com/SmirnovND/gophkeeper/internal/service/client.go:28.99,30.16 2 1
github.com/SmirnovND/gophkeeper/internal/service/client.go:30.16,32.3 1 1
github.com/SmirnovND/gophkeeper/internal/service/client.go:34.2,35.16 2 1
github.com/SmirnovND/gophkeeper/internal/service/client.go:35.16,37.3 1 1
github.com/SmirnovND/gophkeeper/internal/service/client.go:38.2,41.16 3 1
github.com/SmirnovND/gophkeeper/internal/service/client.go:41.16,43.3 1 1
github.com/SmirnovND/gophkeeper/internal/service/client.go:45.2,45.18 1 1
github.com/SmirnovND/gophkeeper/internal/service/client.go:48.78,51.16 3 1
github.com/SmirnovND/gophkeeper/internal/service/client.go:51.16,53.3 1 0
github.com/SmirnovND/gophkeeper/internal/service/client.go:54.2,56.38 2 1
github.com/SmirnovND/gophkeeper/internal/service/client.go:56.38,58.3 1 1
github.com/SmirnovND/gophkeeper/internal/service/client.go:60.2,61.17 2 1
github.com/SmirnovND/gophkeeper/internal/service/client.go:61.17,63.3 1 1
github.com/SmirnovND/gophkeeper/internal/service/client.go:65.2,65.19 1 1
github.com/SmirnovND/gophkeeper/internal/service/client.go:68.74,71.16 3 1
github.com/SmirnovND/gophkeeper/internal/service/client.go:71.16,73.3 1 0
github.com/SmirnovND/gophkeeper/internal/service/client.go:74.2,76.44 2 1
github.com/SmirnovND/gophkeeper/internal/service/client.go:76.44,78.3 1 1
github.com/SmirnovND/gophkeeper/internal/service/client.go:78.8,78.45 1 1
github.com/SmirnovND/gophkeeper/internal/service/client.go:78.45,80.3 1 1
github.com/SmirnovND/gophkeeper/internal/service/client.go:82.2,83.17 2 1
github.com/SmirnovND/gophkeeper/internal/service/client.go:83.17,85.3 1 1
github.com/SmirnovND/gophkeeper/internal/service/client.go:87.2,87.19 1 1
github.com/SmirnovND/gophkeeper/internal/service/client.go:90.118,107.16 4 1
github.com/SmirnovND/gophkeeper/internal/service/client.go:107.16,109.3 1 0
github.com/SmirnovND/gophkeeper/internal/service/client.go:112.2,113.16 2 1
github.com/SmirnovND/gophkeeper/internal/service/client.go:113.16,115.3 1 0
github.com/SmirnovND/gophkeeper/internal/service/client.go:118.2,123.16 4 1
github.com/SmirnovND/gophkeeper/internal/service/client.go:123.16,125.3 1 0
github.com/SmirnovND/gophkeeper/internal/service/client.go:126.2,129.38 2 1
github.com/SmirnovND/gophkeeper/internal/service/client.go:129.38,131.3 1 1
github.com/SmirnovND/gophkeeper/internal/service/client.go:134.2,135.16 2 1
github.com/SmirnovND/gophkeeper/internal/service/client.go:135.16,137.3 1 0
github.com/SmirnovND/gophkeeper/internal/service/client.go:140.2,144.60 2 1
github.com/SmirnovND/gophkeeper/internal/service/client.go:144.60,146.3 1 1
github.com/SmirnovND/gophkeeper/internal/service/client.go:149.2,149.24 1 1
github.com/SmirnovND/gophkeeper/internal/service/client.go:149.24,151.3 1 1
github.com/SmirnovND/gophkeeper/internal/service/client.go:153.2,153.26 1 1
github.com/SmirnovND/gophkeeper/internal/service/client.go:156.85,159.16 2 1
github.com/SmirnovND/gophkeeper/internal/service/client.go:159.16,161.3 1 1
github.com/SmirnovND/gophkeeper/internal/service/client.go:164.2,165.16 2 1
github.com/SmirnovND/gophkeeper/internal/service/client.go:165.16,167.3 1 0
github.com/SmirnovND/gophkeeper/internal/service/client.go:170.2,171.16 2 1
github.com/SmirnovND/gophkeeper/internal/service/client.go:171.16,173.3 1 0
github.com/SmirnovND/gophkeeper/internal/service/client.go:176.2,181.16 5 1
github.com/SmirnovND/gophkeeper/internal/service/client.go:181.16,183.3 1 0
github.com/SmirnovND/gophkeeper/internal/service/client.go:184.2,186.48 2 1
github.com/SmirnovND/gophkeeper/internal/service/client.go:186.48,188.3 1 1
github.com/SmirnovND/gophkeeper/internal/service/client.go:188.8,190.3 1 0
github.com/SmirnovND/gophkeeper/internal/service/client.go:193.115,199.16 3 1
github.com/SmirnovND/gophkeeper/internal/service/client.go:199.16,201.3 1 0
github.com/SmirnovND/gophkeeper/internal/service/client.go:204.2,208.16 3 1
github.com/SmirnovND/gophkeeper/internal/service/client.go:208.16,210.3 1 0
github.com/SmirnovND/gophkeeper/internal/service/client.go:211.2,214.38 2 1
github.com/SmirnovND/gophkeeper/internal/service/client.go:214.38,216.3 1 1
github.com/SmirnovND/gophkeeper/internal/service/client.go:219.2,220.16 2 1
github.com/SmirnovND/gophkeeper/internal/service/client.go:220.16,222.3 1 0
github.com/SmirnovND/gophkeeper/internal/service/client.go:225.2,231.60 2 1
github.com/SmirnovND/gophkeeper/internal/service/client.go:231.60,233.3 1 1
github.com/SmirnovND/gophkeeper/internal/service/client.go:235.2,235.65 1 1
github.com/SmirnovND/gophkeeper/internal/service/client.go:238.85,241.16 2 1
github.com/SmirnovND/gophkeeper/internal/service/client.go:241.16,243.3 1 0
github.com/SmirnovND/gophkeeper/internal/service/client.go:246.2,247.16 2 1
github.com/SmirnovND/gophkeeper/internal/service/client.go:247.16,249.3 1 1
github.com/SmirnovND/gophkeeper/internal/service/client.go:250.2,253.38 2 1
github.com/SmirnovND/gophkeeper/internal/service/client.go:253.38,255.3 1 0
github.com/SmirnovND/gophkeeper/internal/service/client.go:258.2,259.16 2 1
github.com/SmirnovND/gophkeeper/internal/service/client.go:259.16,261.3 1 1
github.com/SmirnovND/gophkeeper/internal/service/client.go:262.2,266.16 3 1
github.com/SmirnovND/gophkeeper/internal/service/client.go:266.16,268.3 1 0
github.com/SmirnovND/gophkeeper/internal/service/client.go:270.2,270.12 1 1
github.com/SmirnovND/gophkeeper/internal/service/client.go:274.112,288.16 4 1
github.com/SmirnovND/gophkeeper/internal/service/client.go:288.16,290.3 1 0
github.com/SmirnovND/gophkeeper/internal/service/client.go:293.2,294.16 2 1
github.com/SmirnovND/gophkeeper/internal/service/client.go:294.16,296.3 1 0
github.com/SmirnovND/gophkeeper/internal/service/client.go:299.2,304.16 4 1
github.com/SmirnovND/gophkeeper/internal/service/client.go:304.16,306.3 1 0
github.com/SmirnovND/gophkeeper/internal/service/client.go:307.2,310.38 2 1
github.com/SmirnovND/gophkeeper/internal/service/client.go:310.38,312.3 1 1
github.com/SmirnovND/gophkeeper/internal/service/client.go:314.2,314.12 1 1
github.com/SmirnovND/gophkeeper/internal/service/client.go:318.95,323.16 3 1
github.com/SmirnovND/gophkeeper/internal/service/client.go:323.16,325.3 1 0
github.com/SmirnovND/gophkeeper/internal/service/client.go:328.2,333.16 4 1
github.com/SmirnovND/gophkeeper/internal/service/client.go:333.16,335.3 1 0
github.com/SmirnovND/gophkeeper/internal/service/client.go:336.2,339.44 2 1
github.com/SmirnovND/gophkeeper/internal/service/client.go:339.44,341.3 1 1
github.com/SmirnovND/gophkeeper/internal/service/client.go:341.8,341.45 1 1
github.com/SmirnovND/gophkeeper/internal/service/client.go:341.45,343.3 1 1
github.com/SmirnovND/gophkeeper/internal/service/client.go:346.2,347.16 2 1
github.com/SmirnovND/gophkeeper/internal/service/client.go:347.16,349.3 1 0
github.com/SmirnovND/gophkeeper/internal/service/client.go:352.2,356.56 2 1
github.com/SmirnovND/gophkeeper/internal/service/client.go:356.56,358.3 1 1
github.com/SmirnovND/gophkeeper/internal/service/client.go:360.2,360.50 1 1
github.com/SmirnovND/gophkeeper/internal/service/client.go:364.70,369.16 3 1
github.com/SmirnovND/gophkeeper/internal/service/client.go:369.16,371.3 1 0
github.com/SmirnovND/gophkeeper/internal/service/client.go:374.2,379.16 4 1
github.com/SmirnovND/gophkeeper/internal/service/client.go:379.16,381.3 1 0
github.com/SmirnovND/gophkeeper/internal/service/client.go:382.2,385.44 2 1
github.com/SmirnovND/gophkeeper/internal/service/client.go:385.44,387.3 1 1
github.com/SmirnovND/gophkeeper/internal/service/client.go:387.8,387.45 1 1
github.com/SmirnovND/gophkeeper/internal/service/client.go:387.45,389.3 1 1
github.com/SmirnovND/gophkeeper/internal/service/client.go:391.2,391.12 1 1
github.com/SmirnovND/gophkeeper/internal/service/client.go:395.112,409.16 4 1
github.com/SmirnovND/gophkeeper/internal/service/client.go:409.16,411.3 1 0
github.com/SmirnovND/gophkeeper/internal/service/client.go:414.2,415.16 2 1
github.com/SmirnovND/gophkeeper/internal/service/client.go:415.16,417.3 1 0
github.com/SmirnovND/gophkeeper/internal/service/client.go:420.2,425.16 4 1
github.com/SmirnovND/gophkeeper/internal/service/client.go:425.16,427.3 1 0
github.com/SmirnovND/gophkeeper/internal/service/client.go:428.2,431.38 2 1
github.com/SmirnovND/gophkeeper/internal/service/client.go:431.38,433.3 1 1
github.com/SmirnovND/gophkeeper/internal/service/client.go:435.2,435.12 1 1
github.com/SmirnovND/gophkeeper/internal/service/client.go:439.95,444.16 3 1
github.com/SmirnovND/gophkeeper/internal/service/client.go:444.16,446.3 1 0
github.com/SmirnovND/gophkeeper/internal/service/client.go:449.2,454.16 4 1
github.com/SmirnovND/gophkeeper/internal/service/client.go:454.16,456.3 1 0
github.com/SmirnovND/gophkeeper/internal/service/client.go:457.2,460.44 2 1
github.com/SmirnovND/gophkeeper/internal/service/client.go:460.44,462.3 1 1
github.com/SmirnovND/gophkeeper/internal/service/client.go:462.8,462.45 1 1
github.com/SmirnovND/gophkeeper/internal/service/client.go:462.45,464.3 1 1
github.com/SmirnovND/gophkeeper/internal/service/client.go:467.2,468.16 2 1
github.com/SmirnovND/gophkeeper/internal/service/client.go:468.16,470.3 1 0
github.com/SmirnovND/gophkeeper/internal/service/client.go:473.2,477.56 2 1
github.com/SmirnovND/gophkeeper/internal/service/client.go:477.56,479.3 1 1
github.com/SmirnovND/gophkeeper/internal/service/client.go:481.2,481.50 1 1
github.com/SmirnovND/gophkeeper/internal/service/client.go:485.70,490.16 3 1
github.com/SmirnovND/gophkeeper/internal/service/client.go:490.16,492.3 1 0
github.com/SmirnovND/gophkeeper/internal/service/client.go:495.2,500.16 4 1
github.com/SmirnovND/gophkeeper/internal/service/client.go:500.16,502.3 1 0
github.com/SmirnovND/gophkeeper/internal/service/client.go:503.2,506.44 2 1
github.com/SmirnovND/gophkeeper/internal/service/client.go:506.44,508.3 1 1
github.com/SmirnovND/gophkeeper/internal/service/client.go:508.8,508.45 1 1
github.com/SmirnovND/gophkeeper/internal/service/client.go:508.45,510.3 1 1
github.com/SmirnovND/gophkeeper/internal/service/client.go:512.2,512.12 1 1
github.com/SmirnovND/gophkeeper/internal/service/client.go:516.130,530.16 4 1
github.com/SmirnovND/gophkeeper/internal/service/client.go:530.16,532.3 1 0
github.com/SmirnovND/gophkeeper/internal/service/client.go:535.2,536.16 2 1
github.com/SmirnovND/gophkeeper/internal/service/client.go:536.16,538.3 1 0
github.com/SmirnovND/gophkeeper/internal/service/client.go:541.2,546.16 4 1
github.com/SmirnovND/gophkeeper/internal/service/client.go:546.16,548.3 1 0
github.com/SmirnovND/gophkeeper/internal/service/client.go:549.2,552.38 2 1
github.com/SmirnovND/gophkeeper/internal/service/client.go:552.38,554.3 1 1
github.com/SmirnovND/gophkeeper/internal/service/client.go:556.2,556.12 1 1
github.com/SmirnovND/gophkeeper/internal/service/client.go:560.107,565.16 3 1
github.com/SmirnovND/gophkeeper/internal/service/client.go:565.16,567.3 1 0
github.com/SmirnovND/gophkeeper/internal/service/client.go:570.2,575.16 4 1
github.com/SmirnovND/gophkeeper/internal/service/client.go:575.16,577.3 1 0
github.com/SmirnovND/gophkeeper/internal/service/client.go:578.2,581.44 2 1
github.com/SmirnovND/gophkeeper/internal/service/client.go:581.44,583.3 1 1
github.com/SmirnovND/gophkeeper/internal/service/client.go:583.8,583.45 1 1
github.com/SmirnovND/gophkeeper/internal/service/client.go:583.45,585.3 1 1
github.com/SmirnovND/gophkeeper/internal/service/client.go:588.2,589.16 2 1
github.com/SmirnovND/gophkeeper/internal/service/client.go:589.16,591.3 1 0
github.com/SmirnovND/gophkeeper/internal/service/client.go:594.2,598.56 2 1
github.com/SmirnovND/gophkeeper/internal/service/client.go:598.56,600.3 1 1
github.com/SmirnovND/gophkeeper/internal/service/client.go:602.2,602.56 1 1
github.com/SmirnovND/gophkeeper/internal/service/client.go:606.76,611.16 3 1
github.com/SmirnovND/gophkeeper/internal/service/client.go:611.16,613.3 1 0
github.com/SmirnovND/gophkeeper/internal/service/client.go:616.2,621.16 4 1
github.com/SmirnovND/gophkeeper/internal/service/client.go:621.16,623.3 1 0
github.com/SmirnovND/gophkeeper/internal/service/client.go:624.2,627.44 2 1
github.com/SmirnovND/gophkeeper/internal/service/client.go:627.44,629.3 1 1
github.com/SmirnovND/gophkeeper/internal/service/client.go:629.8,629.45 1 1
github.com/SmirnovND/gophkeeper/internal/service/client.go:629.45,631.3 1 1
github.com/SmirnovND/gophkeeper/internal/service/client.go:633.2,633.12 1 1
github.com/SmirnovND/gophkeeper/internal/service/cloud.go:15.97,20.2 1 1
github.com/SmirnovND/gophkeeper/internal/service/cloud.go:22.69,25.16 3 1
github.com/SmirnovND/gophkeeper/internal/service/cloud.go:25.16,27.3 1 1
github.com/SmirnovND/gophkeeper/internal/service/cloud.go:28.2,28.35 1 1
github.com/SmirnovND/gophkeeper/internal/service/cloud.go:31.71,36.16 4 1
github.com/SmirnovND/gophkeeper/internal/service/cloud.go:36.16,38.3 1 1
github.com/SmirnovND/gophkeeper/internal/service/cloud.go:39.2,39.35 1 1
github.com/SmirnovND/gophkeeper/internal/service/data.go:17.104,22.2 1 1
github.com/SmirnovND/gophkeeper/internal/service/data.go:25.118,28.16 2 1
github.com/SmirnovND/gophkeeper/internal/service/data.go:28.16,30.3 1 1
github.com/SmirnovND/gophkeeper/internal/service/data.go:33.2,40.16 3 1
github.com/SmirnovND/gophkeeper/internal/service/data.go:40.16,42.3 1 0
github.com/SmirnovND/gophkeeper/internal/service/data.go:45.2,55.16 3 1
github.com/SmirnovND/gophkeeper/internal/service/data.go:55.16,57.3 1 0
github.com/SmirnovND/gophkeeper/internal/service/data.go:59.2,59.12 1 1
github.com/SmirnovND/gophkeeper/internal/service/data.go:63.105,66.16 2 1
github.com/SmirnovND/gophkeeper/internal/service/data.go:66.16,68.3 1 1
github.com/SmirnovND/gophkeeper/internal/service/data.go:71.2,72.16 2 1
github.com/SmirnovND/gophkeeper/internal/service/data.go:72.16,74.3 1 1
github.com/SmirnovND/gophkeeper/internal/service/data.go:77.2,77.21 1 1
github.com/SmirnovND/gophkeeper/internal/service/data.go:77.21,79.3 1 0
github.com/SmirnovND/gophkeeper/internal/service/data.go:82.2,84.16 3 1
github.com/SmirnovND/gophkeeper/internal/service/data.go:84.16,86.3 1 0
github.com/SmirnovND/gophkeeper/internal/service/data.go:88.2,88.46 1 1
github.com/SmirnovND/gophkeeper/internal/service/data.go:92.128,95.16 2 1
github.com/SmirnovND/gophkeeper/internal/service/data.go:95.16,97.3 1 1
github.com/SmirnovND/gophkeeper/internal/service/data.go:100.2,101.16 2 1
github.com/SmirnovND/gophkeeper/internal/service/data.go:101.16,103.3 1 0
github.com/SmirnovND/gophkeeper/internal/service/data.go:106.2,116.16 3 1
github.com/SmirnovND/gophkeeper/internal/service/data.go:116.16,118.3 1 1
github.com/SmirnovND/gophkeeper/internal/service/data.go:120.2,120.12 1 1
github.com/SmirnovND/gophkeeper/internal/service/data.go:124.105,127.16 2 1
github.com/SmirnovND/gophkeeper/internal/service/data.go:127.16,129.3 1 1
github.com/SmirnovND/gophkeeper/internal/service/data.go:132.2,133.16 2 1
github.com/SmirnovND/gophkeeper/internal/service/data.go:133.16,135.3 1 1
github.com/SmirnovND/gophkeeper/internal/service/data.go:138.2,138.21 1 1
github.com/SmirnovND/gophkeeper/internal/service/data.go:138.21,140.3 1 1
github.com/SmirnovND/gophkeeper/internal/service/data.go:143.2,145.16 3 1
github.com/SmirnovND/gophkeeper/internal/service/data.go:145.16,147.3 1 1
github.com/SmirnovND/gophkeeper/internal/service/data.go:149.2,149.48 1 1
github.com/SmirnovND/gophkeeper/internal/service/data.go:153.110,156.16 2 1
github.com/SmirnovND/gophkeeper/internal/service/data.go:156.16,158.3 1 0
github.com/SmirnovND/gophkeeper/internal/service/data.go:161.2,162.16 2 1
github.com/SmirnovND/gophkeeper/internal/service/data.go:162.16,164.3 1 0
github.com/SmirnovND/gophkeeper/internal/service/data.go:167.2,177.16 3 1
github.com/SmirnovND/gophkeeper/internal/service/data.go:177.16,179.3 1 0
github.com/SmirnovND/gophkeeper/internal/service/data.go:181.2,181.12 1 1
github.com/SmirnovND/gophkeeper/internal/service/data.go:185.93,188.16 2 1
github.com/SmirnovND/gophkeeper/internal/service/data.go:188.16,190.3 1 1
github.com/SmirnovND/gophkeeper/internal/service/data.go:193.2,194.16 2 1
github.com/SmirnovND/gophkeeper/internal/service/data.go:194.16,196.3 1 1
github.com/SmirnovND/gophkeeper/internal/service/data.go:199.2,199.21 1 1
github.com/SmirnovND/gophkeeper/internal/service/data.go:199.21,201.3 1 1
github.com/SmirnovND/gophkeeper/internal/service/data.go:204.2,206.16 3 1
github.com/SmirnovND/gophkeeper/internal/service/data.go:206.16,208.3 1 1
github.com/SmirnovND/gophkeeper/internal/service/data.go:210.2,210.42 1 1
github.com/SmirnovND/gophkeeper/internal/service/data.go:214.110,217.16 2 1
github.com/SmirnovND/gophkeeper/internal/service/data.go:217.16,219.3 1 0
github.com/SmirnovND/gophkeeper/internal/service/data.go:222.2,223.16 2 1
github.com/SmirnovND/gophkeeper/internal/service/data.go:223.16,225.3 1 0
github.com/SmirnovND/gophkeeper/internal/service/data.go:228.2,238.16 3 1
github.com/SmirnovND/gophkeeper/internal/service/data.go:238.16,240.3 1 0
github.com/SmirnovND/gophkeeper/internal/service/data.go:242.2,242.12 1 1
github.com/SmirnovND/gophkeeper/internal/service/data.go:246.93,249.16 2 1
github.com/SmirnovND/gophkeeper/internal/service/data.go:249.16,251.3 1 0
github.com/SmirnovND/gophkeeper/internal/service/data.go:254.2,255.16 2 1
github.com/SmirnovND/gophkeeper/internal/service/data.go:255.16,257.3 1 0
github.com/SmirnovND/gophkeeper/internal/service/data.go:260.2,260.21 1 1
github.com/SmirnovND/gophkeeper/internal/service/data.go:260.21,262.3 1 0
github.com/SmirnovND/gophkeeper/internal/service/data.go:265.2,267.16 3 1
github.com/SmirnovND/gophkeeper/internal/service/data.go:267.16,269.3 1 0
github.com/SmirnovND/gophkeeper/internal/service/data.go:271.2,271.42 1 1
github.com/SmirnovND/gophkeeper/internal/service/data.go:275.76,278.16 2 1
github.com/SmirnovND/gophkeeper/internal/service/data.go:278.16,280.3 1 1
github.com/SmirnovND/gophkeeper/internal/service/data.go:283.2,284.16 2 1
github.com/SmirnovND/gophkeeper/internal/service/data.go:284.16,286.3 1 1
github.com/SmirnovND/gophkeeper/internal/service/data.go:289.2,289.21 1 1
github.com/SmirnovND/gophkeeper/internal/service/data.go:289.21,291.3 1 1
github.com/SmirnovND/gophkeeper/internal/service/data.go:294.2,295.16 2 1
github.com/SmirnovND/gophkeeper/internal/service/data.go:295.16,297.3 1 1
github.com/SmirnovND/gophkeeper/internal/service/data.go:299.2,299.12 1 1
github.com/SmirnovND/gophkeeper/internal/service/data.go:303.74,306.16 2 1
github.com/SmirnovND/gophkeeper/internal/service/data.go:306.16,308.3 1 1
github.com/SmirnovND/gophkeeper/internal/service/data.go:311.2,312.16 2 1
github.com/SmirnovND/gophkeeper/internal/service/data.go:312.16,314.3 1 1
github.com/SmirnovND/gophkeeper/internal/service/data.go:317.2,317.21 1 1
github.com/SmirnovND/gophkeeper/internal/service/data.go:317.21,319.3 1 1
github.com/SmirnovND/gophkeeper/internal/service/data.go:322.2,323.16 2 1
github.com/SmirnovND/gophkeeper/internal/service/data.go:323.16,325.3 1 1
github.com/SmirnovND/gophkeeper/internal/service/data.go:327.2,327.12 1 1
github.com/SmirnovND/gophkeeper/internal/service/data.go:331.68,334.16 2 1
github.com/SmirnovND/gophkeeper/internal/service/data.go:334.16,336.3 1 1
github.com/SmirnovND/gophkeeper/internal/service/data.go:339.2,340.16 2 1
github.com/SmirnovND/gophkeeper/internal/service/data.go:340.16,342.3 1 1
github.com/SmirnovND/gophkeeper/internal/service/data.go:345.2,345.21 1 1
github.com/SmirnovND/gophkeeper/internal/service/data.go:345.21,347.3 1 1
github.com/SmirnovND/gophkeeper/internal/service/data.go:350.2,351.16 2 1
github.com/SmirnovND/gophkeeper/internal/service/data.go:351.16,353.3 1 1
github.com/SmirnovND/gophkeeper/internal/service/data.go:355.2,355.12 1 1
github.com/SmirnovND/gophkeeper/internal/service/data.go:359.68,362.16 2 1
github.com/SmirnovND/gophkeeper/internal/service/data.go:362.16,364.3 1 1
github.com/SmirnovND/gophkeeper/internal/service/data.go:367.2,368.16 2 1
github.com/SmirnovND/gophkeeper/internal/service/data.go:368.16,370.3 1 1
github.com/SmirnovND/gophkeeper/internal/service/data.go:373.2,373.21 1 1
github.com/SmirnovND/gophkeeper/internal/service/data.go:373.21,375.3 1 1
github.com/SmirnovND/gophkeeper/internal/service/data.go:378.2,379.16 2 1
github.com/SmirnovND/gophkeeper/internal/service/data.go:379.16,381.3 1 1
github.com/SmirnovND/gophkeeper/internal/service/data.go:383.2,383.12 1 1
github.com/SmirnovND/gophkeeper/internal/service/jwt.go:16.44,18.2 1 1
github.com/SmirnovND/gophkeeper/internal/service/jwt.go:20.80,22.48 1 1
github.com/SmirnovND/gophkeeper/internal/service/jwt.go:22.48,24.3 1 1
github.com/SmirnovND/gophkeeper/internal/service/jwt.go:27.2,31.16 3 1
github.com/SmirnovND/gophkeeper/internal/service/jwt.go:31.16,33.3 1 1
github.com/SmirnovND/gophkeeper/internal/service/jwt.go:36.2,37.9 2 1
github.com/SmirnovND/gophkeeper/internal/service/jwt.go:37.9,39.3 1 0
github.com/SmirnovND/gophkeeper/internal/service/jwt.go:42.2,43.9 2 1
github.com/SmirnovND/gophkeeper/internal/service/jwt.go:43.9,45.3 1 1
github.com/SmirnovND/gophkeeper/internal/service/jwt.go:47.2,47.19 1 1
github.com/SmirnovND/gophkeeper/internal/service/token.go:9.74,13.2 1 1
github.com/SmirnovND/gophkeeper/internal/service/token.go:15.48,17.2 1 1
github.com/SmirnovND/gophkeeper/internal/service/token.go:19.52,21.2 1 1
github.com/SmirnovND/gophkeeper/internal/service/user.go:13.106,18.2 1 1
github.com/SmirnovND/gophkeeper/internal/service/user.go:20.68,22.2 1 1
github.com/SmirnovND/gophkeeper/internal/service/user.go:24.81,29.16 4 1
github.com/SmirnovND/gophkeeper/internal/service/user.go:29.16,31.3 1 1
github.com/SmirnovND/gophkeeper/internal/service/user.go:32.2,35.16 3 1
github.com/SmirnovND/gophkeeper/internal/service/user.go:35.16,37.3 1 1
github.com/SmirnovND/gophkeeper/internal/service/user.go:39.2,39.18 1 1
