mode: set
github.com/SmirnovND/gophkeeper/cmd/server/main.go:15.13,16.30 1 0
github.com/SmirnovND/gophkeeper/cmd/server/main.go:16.30,17.13 1 0
github.com/SmirnovND/gophkeeper/cmd/server/main.go:21.18,25.53 3 0
github.com/SmirnovND/gophkeeper/cmd/server/main.go:25.53,27.3 1 0
github.com/SmirnovND/gophkeeper/cmd/server/main.go:29.2,30.39 2 0
github.com/SmirnovND/gophkeeper/cmd/server/main.go:30.39,32.3 1 0
github.com/SmirnovND/gophkeeper/cmd/server/main.go:34.2,40.4 3 0
github.com/SmirnovND/gophkeeper/internal/container/container.go:22.32,30.2 7 0
github.com/SmirnovND/gophkeeper/internal/container/container.go:33.43,36.74 2 0
github.com/SmirnovND/gophkeeper/internal/container/container.go:36.74,38.3 1 0
github.com/SmirnovND/gophkeeper/internal/container/container.go:41.2,41.54 1 0
github.com/SmirnovND/gophkeeper/internal/container/container.go:41.54,43.3 1 0
github.com/SmirnovND/gophkeeper/internal/container/container.go:44.2,44.40 1 0
github.com/SmirnovND/gophkeeper/internal/container/container.go:51.43,53.2 1 0
github.com/SmirnovND/gophkeeper/internal/container/container.go:55.75,57.2 1 0
github.com/SmirnovND/gophkeeper/internal/container/container.go:59.38,61.2 1 0
github.com/SmirnovND/gophkeeper/internal/container/container.go:63.35,65.2 1 0
github.com/SmirnovND/gophkeeper/internal/container/container.go:67.38,70.2 2 0
github.com/SmirnovND/gophkeeper/internal/container/container.go:72.41,75.2 2 0
github.com/SmirnovND/gophkeeper/internal/container/container.go:78.56,80.2 1 0
github.com/SmirnovND/gophkeeper/docs/docs.go:176.13,178.2 1 0
github.com/SmirnovND/gophkeeper/internal/config/server/config.go:34.36,36.2 1 0
github.com/SmirnovND/gophkeeper/internal/config/server/config.go:38.40,40.2 1 0
github.com/SmirnovND/gophkeeper/internal/config/server/config.go:42.38,44.2 1 0
github.com/SmirnovND/gophkeeper/internal/config/server/config.go:46.42,49.2 1 0
github.com/SmirnovND/gophkeeper/internal/config/server/config.go:51.42,52.15 1 0
github.com/SmirnovND/gophkeeper/internal/config/server/config.go:52.15,53.35 1 0
github.com/SmirnovND/gophkeeper/internal/config/server/config.go:53.35,55.4 1 0
github.com/SmirnovND/gophkeeper/internal/config/server/config.go:58.2,62.11 5 0
github.com/SmirnovND/gophkeeper/internal/config/server/config.go:65.43,67.16 2 0
github.com/SmirnovND/gophkeeper/internal/config/server/config.go:67.16,69.3 1 0
github.com/SmirnovND/gophkeeper/internal/config/server/config.go:71.2,73.16 3 0
github.com/SmirnovND/gophkeeper/internal/config/server/config.go:73.16,75.3 1 0
github.com/SmirnovND/gophkeeper/internal/controllers/auth_controller.go:14.76,18.2 1 1
github.com/SmirnovND/gophkeeper/internal/controllers/auth_controller.go:32.85,34.16 2 1
github.com/SmirnovND/gophkeeper/internal/controllers/auth_controller.go:34.16,36.3 1 0
github.com/SmirnovND/gophkeeper/internal/controllers/auth_controller.go:37.2,37.40 1 1
github.com/SmirnovND/gophkeeper/internal/controllers/auth_controller.go:52.82,54.16 2 1
github.com/SmirnovND/gophkeeper/internal/controllers/auth_controller.go:54.16,56.3 1 0
github.com/SmirnovND/gophkeeper/internal/controllers/auth_controller.go:57.2,57.37 1 1
github.com/SmirnovND/gophkeeper/internal/controllers/healthcheck_controller.go:12.72,16.2 1 1
github.com/SmirnovND/gophkeeper/internal/controllers/healthcheck_controller.go:18.85,20.16 2 1
github.com/SmirnovND/gophkeeper/internal/controllers/healthcheck_controller.go:20.16,23.3 2 1
github.com/SmirnovND/gophkeeper/internal/controllers/healthcheck_controller.go:23.8,26.3 2 1
github.com/SmirnovND/gophkeeper/internal/domain/errors.go:13.32,15.2 1 0
github.com/SmirnovND/gophkeeper/internal/domain/errors.go:17.28,19.2 1 0
github.com/SmirnovND/gophkeeper/internal/repo/user.go:14.46,18.2 1 0
github.com/SmirnovND/gophkeeper/internal/repo/user.go:20.65,26.16 5 0
github.com/SmirnovND/gophkeeper/internal/repo/user.go:26.16,27.27 1 0
github.com/SmirnovND/gophkeeper/internal/repo/user.go:27.27,29.4 1 0
github.com/SmirnovND/gophkeeper/internal/repo/user.go:30.3,30.57 1 0
github.com/SmirnovND/gophkeeper/internal/repo/user.go:33.2,33.18 1 0
github.com/SmirnovND/gophkeeper/internal/repo/user.go:36.54,44.16 4 0
github.com/SmirnovND/gophkeeper/internal/repo/user.go:44.16,46.3 1 0
github.com/SmirnovND/gophkeeper/internal/repo/user.go:48.2,48.12 1 0
github.com/SmirnovND/gophkeeper/internal/router/router.go:14.61,22.4 4 0
github.com/SmirnovND/gophkeeper/internal/router/router.go:22.4,26.3 3 0
github.com/SmirnovND/gophkeeper/internal/router/router.go:27.2,27.16 1 0
github.com/SmirnovND/gophkeeper/internal/router/router.go:27.16,30.3 2 0
github.com/SmirnovND/gophkeeper/internal/router/router.go:32.2,45.66 7 0
github.com/SmirnovND/gophkeeper/internal/router/router.go:45.66,47.3 1 0
github.com/SmirnovND/gophkeeper/internal/router/router.go:50.2,50.58 1 0
github.com/SmirnovND/gophkeeper/internal/router/router.go:50.58,52.3 1 0
github.com/SmirnovND/gophkeeper/internal/router/router.go:54.2,54.10 1 0
github.com/SmirnovND/gophkeeper/internal/usecase/auth.go:18.16,23.2 1 1
github.com/SmirnovND/gophkeeper/internal/usecase/auth.go:25.104,29.16 3 1
github.com/SmirnovND/gophkeeper/internal/usecase/auth.go:29.16,32.3 2 1
github.com/SmirnovND/gophkeeper/internal/usecase/auth.go:34.2,34.31 1 1
github.com/SmirnovND/gophkeeper/internal/usecase/auth.go:34.31,37.3 2 1
github.com/SmirnovND/gophkeeper/internal/usecase/auth.go:39.2,42.16 3 1
github.com/SmirnovND/gophkeeper/internal/usecase/auth.go:42.16,46.3 2 1
github.com/SmirnovND/gophkeeper/internal/usecase/auth.go:48.2,49.16 2 1
github.com/SmirnovND/gophkeeper/internal/usecase/auth.go:49.16,52.3 2 1
github.com/SmirnovND/gophkeeper/internal/usecase/auth.go:54.2,60.19 4 1
github.com/SmirnovND/gophkeeper/internal/usecase/auth.go:63.101,67.16 3 1
github.com/SmirnovND/gophkeeper/internal/usecase/auth.go:67.16,68.32 1 1
github.com/SmirnovND/gophkeeper/internal/usecase/auth.go:68.32,71.4 2 1
github.com/SmirnovND/gophkeeper/internal/usecase/auth.go:71.9,74.4 2 1
github.com/SmirnovND/gophkeeper/internal/usecase/auth.go:78.2,79.16 2 1
github.com/SmirnovND/gophkeeper/internal/usecase/auth.go:79.16,82.3 2 1
github.com/SmirnovND/gophkeeper/internal/usecase/auth.go:85.2,86.16 2 1
github.com/SmirnovND/gophkeeper/internal/usecase/auth.go:86.16,89.3 2 1
github.com/SmirnovND/gophkeeper/internal/usecase/auth.go:91.2,97.19 4 1
github.com/SmirnovND/gophkeeper/internal/usecase/auth.go:101.75,103.2 1 0
github.com/SmirnovND/gophkeeper/internal/service/auth.go:16.72,20.2 1 1
github.com/SmirnovND/gophkeeper/internal/service/auth.go:22.67,37.2 4 1
github.com/SmirnovND/gophkeeper/internal/service/auth.go:39.81,41.111 1 1
github.com/SmirnovND/gophkeeper/internal/service/auth.go:41.111,43.3 1 1
github.com/SmirnovND/gophkeeper/internal/service/auth.go:45.2,45.16 1 1
github.com/SmirnovND/gophkeeper/internal/service/auth.go:45.16,47.3 1 1
github.com/SmirnovND/gophkeeper/internal/service/auth.go:50.2,50.68 1 1
github.com/SmirnovND/gophkeeper/internal/service/auth.go:50.68,52.3 1 1
github.com/SmirnovND/gophkeeper/internal/service/auth.go:54.2,54.17 1 0
github.com/SmirnovND/gophkeeper/internal/service/auth.go:58.69,61.2 2 1
github.com/SmirnovND/gophkeeper/internal/service/auth.go:64.69,67.2 2 1
github.com/SmirnovND/gophkeeper/internal/service/auth.go:69.80,80.2 2 1
github.com/SmirnovND/gophkeeper/internal/service/user.go:13.106,18.2 1 1
github.com/SmirnovND/gophkeeper/internal/service/user.go:20.68,22.2 1 1
github.com/SmirnovND/gophkeeper/internal/service/user.go:24.81,29.16 4 1
github.com/SmirnovND/gophkeeper/internal/service/user.go:29.16,31.3 1 1
github.com/SmirnovND/gophkeeper/internal/service/user.go:32.2,35.16 3 1
github.com/SmirnovND/gophkeeper/internal/service/user.go:35.16,37.3 1 1
github.com/SmirnovND/gophkeeper/internal/service/user.go:39.2,39.18 1 1
